<?xml version="1.0" encoding="UTF-8" ?>
<testsuite failures="0" time="0.068" errors="0" skipped="0" tests="7" name="com.ciaranwood.tapestry.cache.services.advice.InterfaceMethodMatcherTest">
  <properties>
    <property name="java.runtime.name" value="Java(TM) SE Runtime Environment"/>
    <property name="sun.boot.library.path" value="/System/Library/Java/JavaVirtualMachines/1.6.0.jdk/Contents/Libraries"/>
    <property name="java.vm.version" value="17.1-b03-307"/>
    <property name="awt.nativeDoubleBuffering" value="true"/>
    <property name="gopherProxySet" value="false"/>
    <property name="mrj.build" value="10M3261"/>
    <property name="java.vm.vendor" value="Apple Inc."/>
    <property name="java.vendor.url" value="http://www.apple.com/"/>
    <property name="path.separator" value=":"/>
    <property name="java.vm.name" value="Java HotSpot(TM) 64-Bit Server VM"/>
    <property name="file.encoding.pkg" value="sun.io"/>
    <property name="user.country" value="US"/>
    <property name="sun.java.launcher" value="SUN_STANDARD"/>
    <property name="sun.os.patch.level" value="unknown"/>
    <property name="java.vm.specification.name" value="Java Virtual Machine Specification"/>
    <property name="user.dir" value="/Users/ciaranwood/Documents/t5.1-service-cache/tapestry-service-cache"/>
    <property name="java.runtime.version" value="1.6.0_22-b04-307-10M3261"/>
    <property name="java.awt.graphicsenv" value="apple.awt.CGraphicsEnvironment"/>
    <property name="basedir" value="/Users/ciaranwood/Documents/t5.1-service-cache/tapestry-service-cache"/>
    <property name="java.endorsed.dirs" value="/System/Library/Java/JavaVirtualMachines/1.6.0.jdk/Contents/Home/lib/endorsed"/>
    <property name="os.arch" value="x86_64"/>
    <property name="surefire.real.class.path" value="/var/folders/lA/lAdGVJR0EtepqE-3ZY5vEk+++TI/-Tmp-/surefirebooter1431721403539136498.jar"/>
    <property name="java.io.tmpdir" value="/var/folders/lA/lAdGVJR0EtepqE-3ZY5vEk+++TI/-Tmp-/"/>
    <property name="line.separator" value="
"/>
    <property name="java.vm.specification.vendor" value="Sun Microsystems Inc."/>
    <property name="os.name" value="Mac OS X"/>
    <property name="sun.jnu.encoding" value="MacRoman"/>
    <property name="java.library.path" value=".:/Library/Java/Extensions:/System/Library/Java/Extensions:/usr/lib/java"/>
    <property name="surefire.test.class.path" value="/Users/ciaranwood/Documents/t5.1-service-cache/tapestry-service-cache/target/test-classes:/Users/ciaranwood/Documents/t5.1-service-cache/tapestry-service-cache/target/classes:/Users/ciaranwood/.m2/repository/org/apache/tapestry/tapestry-ioc/5.1.0.5/tapestry-ioc-5.1.0.5.jar:/Users/ciaranwood/.m2/repository/org/apache/tapestry/tapestry5-annotations/5.1.0.5/tapestry5-annotations-5.1.0.5.jar:/Users/ciaranwood/.m2/repository/javassist/javassist/3.9.0.GA/javassist-3.9.0.GA.jar:/Users/ciaranwood/.m2/repository/org/slf4j/slf4j-api/1.5.2/slf4j-api-1.5.2.jar:/Users/ciaranwood/.m2/repository/log4j/log4j/1.2.14/log4j-1.2.14.jar:/Users/ciaranwood/.m2/repository/org/slf4j/slf4j-log4j12/1.5.2/slf4j-log4j12-1.5.2.jar:/Users/ciaranwood/.m2/repository/net/sf/ehcache/ehcache/1.5.0/ehcache-1.5.0.jar:/Users/ciaranwood/.m2/repository/backport-util-concurrent/backport-util-concurrent/3.1/backport-util-concurrent-3.1.jar:/Users/ciaranwood/.m2/repository/commons-logging/commons-logging/1.0.4/commons-logging-1.0.4.jar:/Users/ciaranwood/.m2/repository/commons-collections/commons-collections/3.2/commons-collections-3.2.jar:/Users/ciaranwood/.m2/repository/net/sf/jsr107cache/jsr107cache/1.0/jsr107cache-1.0.jar:/Users/ciaranwood/.m2/repository/junit/junit/4.4/junit-4.4.jar:"/>
    <property name="java.specification.name" value="Java Platform API Specification"/>
    <property name="java.class.version" value="50.0"/>
    <property name="sun.management.compiler" value="HotSpot 64-Bit Server Compiler"/>
    <property name="os.version" value="10.6.5"/>
    <property name="http.nonProxyHosts" value="local|*.local"/>
    <property name="user.home" value="/Users/ciaranwood"/>
    <property name="user.timezone" value=""/>
    <property name="java.awt.printerjob" value="apple.awt.CPrinterJob"/>
    <property name="java.specification.version" value="1.6"/>
    <property name="file.encoding" value="MacRoman"/>
    <property name="user.name" value="ciaranwood"/>
    <property name="java.class.path" value="/Users/ciaranwood/Documents/t5.1-service-cache/tapestry-service-cache/target/test-classes:/Users/ciaranwood/Documents/t5.1-service-cache/tapestry-service-cache/target/classes:/Users/ciaranwood/.m2/repository/org/apache/tapestry/tapestry-ioc/5.1.0.5/tapestry-ioc-5.1.0.5.jar:/Users/ciaranwood/.m2/repository/org/apache/tapestry/tapestry5-annotations/5.1.0.5/tapestry5-annotations-5.1.0.5.jar:/Users/ciaranwood/.m2/repository/javassist/javassist/3.9.0.GA/javassist-3.9.0.GA.jar:/Users/ciaranwood/.m2/repository/org/slf4j/slf4j-api/1.5.2/slf4j-api-1.5.2.jar:/Users/ciaranwood/.m2/repository/log4j/log4j/1.2.14/log4j-1.2.14.jar:/Users/ciaranwood/.m2/repository/org/slf4j/slf4j-log4j12/1.5.2/slf4j-log4j12-1.5.2.jar:/Users/ciaranwood/.m2/repository/net/sf/ehcache/ehcache/1.5.0/ehcache-1.5.0.jar:/Users/ciaranwood/.m2/repository/backport-util-concurrent/backport-util-concurrent/3.1/backport-util-concurrent-3.1.jar:/Users/ciaranwood/.m2/repository/commons-logging/commons-logging/1.0.4/commons-logging-1.0.4.jar:/Users/ciaranwood/.m2/repository/commons-collections/commons-collections/3.2/commons-collections-3.2.jar:/Users/ciaranwood/.m2/repository/net/sf/jsr107cache/jsr107cache/1.0/jsr107cache-1.0.jar:/Users/ciaranwood/.m2/repository/junit/junit/4.4/junit-4.4.jar:"/>
    <property name="java.vm.specification.version" value="1.0"/>
    <property name="sun.arch.data.model" value="64"/>
    <property name="java.home" value="/System/Library/Java/JavaVirtualMachines/1.6.0.jdk/Contents/Home"/>
    <property name="java.specification.vendor" value="Sun Microsystems Inc."/>
    <property name="user.language" value="en"/>
    <property name="awt.toolkit" value="apple.awt.CToolkit"/>
    <property name="java.vm.info" value="mixed mode"/>
    <property name="java.version" value="1.6.0_22"/>
    <property name="java.ext.dirs" value="/Library/Java/Extensions:/System/Library/Java/Extensions:/System/Library/Java/JavaVirtualMachines/1.6.0.jdk/Contents/Home/lib/ext"/>
    <property name="sun.boot.class.path" value="/System/Library/Java/JavaVirtualMachines/1.6.0.jdk/Contents/Classes/jsfd.jar:/System/Library/Java/JavaVirtualMachines/1.6.0.jdk/Contents/Classes/classes.jar:/System/Library/Frameworks/JavaVM.framework/Frameworks/JavaRuntimeSupport.framework/Resources/Java/JavaRuntimeSupport.jar:/System/Library/Java/JavaVirtualMachines/1.6.0.jdk/Contents/Classes/ui.jar:/System/Library/Java/JavaVirtualMachines/1.6.0.jdk/Contents/Classes/laf.jar:/System/Library/Java/JavaVirtualMachines/1.6.0.jdk/Contents/Classes/sunrsasign.jar:/System/Library/Java/JavaVirtualMachines/1.6.0.jdk/Contents/Classes/jsse.jar:/System/Library/Java/JavaVirtualMachines/1.6.0.jdk/Contents/Classes/jce.jar:/System/Library/Java/JavaVirtualMachines/1.6.0.jdk/Contents/Classes/charsets.jar"/>
    <property name="java.vendor" value="Apple Inc."/>
    <property name="localRepository" value="/Users/ciaranwood/.m2/repository"/>
    <property name="file.separator" value="/"/>
    <property name="java.vendor.url.bug" value="http://bugreport.apple.com/"/>
    <property name="sun.cpu.endian" value="little"/>
    <property name="sun.io.unicode.encoding" value="UnicodeLittle"/>
    <property name="mrj.version" value="1060.1.6.0_22-307"/>
    <property name="socksNonProxyHosts" value="local|*.local"/>
    <property name="ftp.nonProxyHosts" value="local|*.local"/>
    <property name="sun.cpu.isalist" value=""/>
  </properties>
  <testcase time="0.009" classname="com.ciaranwood.tapestry.cache.services.advice.InterfaceMethodMatcherTest" name="methodsMatchNoArgs"/>
  <testcase time="0.001" classname="com.ciaranwood.tapestry.cache.services.advice.InterfaceMethodMatcherTest" name="testMethodsDoNotMatchWhenNameIsDifferent"/>
  <testcase time="0.001" classname="com.ciaranwood.tapestry.cache.services.advice.InterfaceMethodMatcherTest" name="methodsMatchUsingNameAndArgs"/>
  <testcase time="0.001" classname="com.ciaranwood.tapestry.cache.services.advice.InterfaceMethodMatcherTest" name="methodsDoNotMatchWhenArgsAreDifferent"/>
  <testcase time="0.001" classname="com.ciaranwood.tapestry.cache.services.advice.InterfaceMethodMatcherTest" name="methodsDoNotMatchWhenNameAndArgsAreDifferent"/>
  <testcase time="0.001" classname="com.ciaranwood.tapestry.cache.services.advice.InterfaceMethodMatcherTest" name="methodsDoNotMatchWhenArgsHaveDifferentOrder"/>
  <testcase time="0.001" classname="com.ciaranwood.tapestry.cache.services.advice.InterfaceMethodMatcherTest" name="returnFalseWhenSameSignatureButNotASubclass"/>
</testsuite>